<?xml version="1.0" encoding="UTF-8" ?>
<testsuite tests="4" failures="0" name="com.ocularminds.oswitch.app.OsServiceTest" time="0" errors="0" skipped="0">
  <properties>
[...]
</properties>
  <testcase classname="com.ocularminds.oswitch.app.OsServiceTest" name="testNominalListCategoriesHasCorrectOrder" time="0"/>
  <testcase classname="com.ocularminds.oswitch.app.OsServiceTest" name="testNominalListAllInsightsCategories" time="0"/>
  <testcase classname="com.ocularminds.oswitch.app.OsServiceTest" name="testNominalListCategoriesInsightHasCorrectOrder" time="0"/>
  <testcase classname="com.ocularminds.oswitch.app.OsServiceTest" name="testNominalListNonBetaInsightsCategories" time="0"/>
</testsuite>